OpenTeacher 4.0.0-alpha - Starting...
  ✓ Registered event module
  ✓ Registered execute module
  ✓ Registered settings module
  ✓ Registered buttonRegister module
  ✓ Registered lessontracker module
✅ Core modules successfully registered!
Note: Many optional modules are disabled to resolve import conflicts
Registered 202 modules of 19 types
Available module types: [aboutDialog buttonRegister data event execute fileDialog interface lessonDialogs lessonTracker logic metadata profileDescription qtApp saver settings settingsDialog startWidget translator ui]
Enabling modules...
looking for qtbox in: /home/joop/openteacher/qtbox
final qtbox location: /home/joop/openteacher/qtbox
Warning: Ignoring XDG_SESSION_TYPE=wayland on Gnome. Use QT_QPA_PLATFORM=wayland to run on Wayland anyway.
Qt Application initialized
QtAppModule enabled
Event module enabled - ready to handle events
Button register module enabled - ready to register buttons
Settings module enabled - loaded from: /home/joop/.openteacher/settings.json
2025/11/12 23:58:01 execute.go:46: [SUCCESS] ExecuteModule enabled - ready to handle application lifecycle
JSEvaluatorModule enabled
KGeographyMapLoaderModule enabled
WrtsLoaderModule enabled
JSLibModule enabled
ProfileDescriptionModule enabled
TopoMapsModule enabled
ProfileDescriptionModule enabled
SmartModule enabled
MnemosyneLoaderModule enabled
ForeignKnownModule enabled
OtxxLoaderModule enabled
ECTSNoteCalculatorModule enabled
HtmlSaverModule enabled
OcrWordListLoaderModule enabled
HtmlSaverModule enabled
ProfileDescriptionModule enabled
2025/11/12 23:58:01 hangman.go:50: [STUB] Hangman TypingTeachTypeModule enabled - hangman teaching functionality not implemented
TypingTeachTypeModule enabled
SafeHtmlCheckerModule enabled
GnuVocabTrainLoaderModule enabled
MapModule enabled
FlashQardLoaderModule enabled
JSBisectModule enabled
AllOnceModule enabled
ProfileDescriptionModule enabled
MediaTypeModule enabled
HtmlSaverModule enabled
ProfileDescriptionModule enabled
WordsNeverAnsweredCorrectlyModule enabled
ProfileDescriptionModule enabled
OverhoorLoaderModule enabled
TypingTutorModelModule enabled
FmdLoaderModule enabled
OpenTeachingMediaLoaderModule enabled
OdtSaverModule enabled
ProfileDescriptionModule enabled
TypingTeachTypeModule enabled
ProfileDescriptionModule enabled
SettingsWidgetModule enabled
OpenTeachingWordsLoaderModule enabled
ProfileDescriptionModule enabled
MediaTypeModule enabled
LudemLoaderModule enabled
SettingsWidgetModule enabled
MediaTypeModule enabled
ProfileDescriptionModule enabled
VokabelTrainerLoaderModule enabled
SettingsWidgetModule enabled
PaukerLoaderModule enabled
SettingsWidgetModule enabled
MetadataModule enabled
TestModeStudentsViewModule enabled
ProfileDescriptionModule enabled
PercentNotesViewerModule enabled
MimicryTypefaceConverterModule enabled
DomingoLoaderModule enabled
CuneiformOCRModule enabled
MediaTypeModule enabled
PrinterModule enabled
AnkiApkgLoaderModule enabled
InputTypingLogicModule enabled
Teach2000LoaderModule enabled
MediaDisplayModule enabled
JSSumModule enabled
ButtonRegisterModule enabled
ProfileDescriptionModule enabled
WordsHtmlGeneratorModule enabled
OverhoringsprogrammaTalenLoaderModule enabled
SymbolsModule enabled
GranuleLoaderModule enabled
ProgressViewerModule enabled
FrenchNoteCalculatorModule enabled
GreekModule enabled
TestMenuModule enabled
TypingTutorKeyboardModule enabled
OdtSaverModule enabled
MediaTypeModule enabled
UserDocumentationModule enabled
ReverseModule enabled
SettingsWidgetModule enabled
MapModule enabled
LibreofficeFormatsSaverModule enabled
WordsTestTypeModule enabled
ProfileDescriptionModule enabled
MapModule enabled
KvtmlLoaderModule enabled
PercentsCalculatorModule enabled
SettingsWidgetsModule enabled
MediaTypeModule enabled
JMemorizeLessonLoaderModule enabled
TeachmasterLoaderModule enabled
JSInputTypingLogicModule enabled
MapModule enabled
OpenTeachingTopoLoaderModule enabled
PdfSaverModule enabled
SettingsWidgetModule enabled
ProfileDescriptionModule enabled
ProfileDescriptionModule enabled
CyrillicModule enabled
PercentsNoteCalculatorModule enabled
PyinstallerInterfaceModule enabled
WebLogicGeneratorModule enabled
LoaderGuiModule enabled
JavascriptLessonTypeModule enabled
OtxxSaverModule enabled
VocabulariumLoaderModule enabled
SettingsWidgetModule enabled
MapModule enabled
HangmanGraphics enabled
PngSaverModule enabled
VocaLoaderModule enabled
ProfileDescriptionModule enabled
MediaTypeModule enabled
ShuffleAnswerTeachTypeModule enabled
JSLibModule enabled
ProfileDescriptionModule enabled
MediaTypeModule enabled
LaTeXSaverModule enabled
SettingsWidgetModule enabled
AbbyyLoaderModule enabled
SylkSaverModule enabled
MediaTypeModule enabled
TestModeTeacherPanelModule enabled
ProfileDescriptionModule enabled
AuthorsModule enabled
JSMapModule enabled
DataTypeIconsModule enabled
ProfileDescriptionModule enabled
RandomModule enabled
Anki2LoaderModule enabled
ProfileDescriptionModule enabled
NoteCalculatorChooserModule enabled
VTrainTxtLoaderModule enabled
OpenTeacherAuthorsModule enabled
PercentsCalculatorModule enabled
OpenTeacherLoaderModule enabled
ThemeModule enabled
SortModule enabled
RepeatAnswerTeachTypeModule enabled
GermanNoteCalculatorModule enabled
ProfileDescriptionModule enabled
TopoTestTypeModule enabled
RecentlyOpenedViewerModule enabled
CsvLoaderModule enabled
LessonTrackerModule enabled
CueCardLoaderModule enabled
ProfileDescriptionModule enabled
LoaderModule enabled
DutchNoteCalculatorModule enabled
TesseractOCRModule enabled
JvltLoaderModule enabled
MediaTestTypeModule enabled
ProfileDescriptionModule enabled
ProfileDescriptionModule enabled
SettingsWidgetModule enabled
OcrGuiModule enabled
ProfileDescriptionModule enabled
FriendlyTranslationNamesModule enabled
ProfileDescriptionModule enabled
ProfileDescriptionModule enabled
BackpackLoaderModule enabled
InMindTeachTypeModule enabled
GenerateBusinessCard profile description enabled
MapModule enabled
LanguageCodeGuesserModule enabled
ProfileDescriptionModule enabled
HardWordsModule enabled
SettingsWidgetModule enabled
AnkiLoaderModule enabled
ModulesModule enabled
ProfileDescriptionModule enabled
AmericanNoteCalculatorModule enabled
ProfileDescriptionModule enabled
RecentlyOpenedModule enabled
AboutDialogModule enabled
LessonDialogsModule enabled
2025/11/12 23:58:01 logger.go:146: 2025/11/12 23:58:01 [32m[SUCCESS][0m GUI.gui.go:69 - Got QApplication from qtApp module
2025/11/12 23:58:01 logger.go:146: 2025/11/12 23:58:01 [32m[SUCCESS][0m GUI.gui.go:103 - Qt main window created and shown
GuiModule enabled - Main window created
FileDialogModule enabled
TranslatorModule enabled
StartwidgetModule enabled
SettingsDialogModule enabled
SaverModule enabled
All modules enabled successfully
Starting Qt GUI...
2025/11/12 23:58:01 logger.go:146: 2025/11/12 23:58:01 [32m[SUCCESS][0m GUI.gui.go:142 - ShowMainWindow() - main window displayed
Starting Qt event loop...
2025/11/12 23:58:01 logger.go:146: 2025/11/12 23:58:01 [32m[SUCCESS][0m GUI.gui.go:159 - RunEventLoop() - Qt event loop started
2025/11/12 23:58:03 logger.go:146: 2025/11/12 23:58:03 [34m[EVENT][0m GUI.gui.go:287 - Open Lesson button clicked
2025/11/12 23:58:03 logger.go:146: 2025/11/12 23:58:03 [35m[ACTION][0m GUI.gui.go:343 - showOpenDialogFrom(BUTTON) - attempting to show file dialog
2025/11/12 23:58:03 logger.go:146: 2025/11/12 23:58:03 [32m[SUCCESS][0m GUI.gui.go:358 - Found 1 fileDialog modules, using first one
2025/11/12 23:58:03 logger.go:146: 2025/11/12 23:58:03 [32m[SUCCESS][0m GUI.gui.go:364 - Calling OpenFile() on fileDialog module
2025/11/12 23:58:03 logger.go:146: 2025/11/12 23:58:03 [90m[DEBUG][0m GUI.gui.go:365 - TRACKING: About to call OpenFile() - call stack marker A
Case insensitive sorting unsupported in the posix collation implementation
Numeric mode unsupported in the posix collation implementation
Case insensitive sorting unsupported in the posix collation implementation
Numeric mode unsupported in the posix collation implementation
Case insensitive sorting unsupported in the posix collation implementation
Numeric mode unsupported in the posix collation implementation
2025/11/12 23:58:08 logger.go:146: 2025/11/12 23:58:08 [90m[DEBUG][0m GUI.gui.go:367 - TRACKING: OpenFile() returned - call stack marker B
2025/11/12 23:58:08 logger.go:146: 2025/11/12 23:58:08 [32m[SUCCESS][0m GUI.gui.go:369 - File dialog returned: /home/joop/openteacher/test_lesson.ot
2025/11/12 23:58:08 logger.go:146: 2025/11/12 23:58:08 [90m[DEBUG][0m GUI.gui.go:370 - TRACKING: About to call loadSelectedFile() - call stack marker C
2025/11/12 23:58:08 logger.go:146: 2025/11/12 23:58:08 [35m[ACTION][0m GUI.gui.go:390 - loadSelectedFile() - loading file: /home/joop/openteacher/test_lesson.ot
2025/11/12 23:58:08 loader.go:27: [ACTION] FileLoader.LoadFile() - loading file: /home/joop/openteacher/test_lesson.ot
2025/11/12 23:58:08 loader.go:206: [ACTION] FileLoader.loadOpenTeacherFile() - parsing .ot XML file
2025/11/12 23:58:08 loader.go:298: [SUCCESS] FileLoader.loadOpenTeacherFile() - loaded 10 word pairs with 36 test results
2025/11/12 23:58:08 logger.go:146: 2025/11/12 23:58:08 [32m[SUCCESS][0m GUI.gui.go:414 - Loaded lesson file - Type: words, Items: 10
2025/11/12 23:58:08 logger.go:146: 2025/11/12 23:58:08 [32m[SUCCESS][0m GUI.gui.go:436 - Lesson loaded successfully:
2025/11/12 23:58:08 logger.go:146: 2025/11/12 23:58:08 [36m[INFO][0m GUI.gui.go:437 -   - Title: Spanish Basic Vocabulary
2025/11/12 23:58:08 logger.go:146: 2025/11/12 23:58:08 [36m[INFO][0m GUI.gui.go:438 -   - Question Language: English
2025/11/12 23:58:08 logger.go:146: 2025/11/12 23:58:08 [36m[INFO][0m GUI.gui.go:439 -   - Answer Language: Spanish
2025/11/12 23:58:08 logger.go:146: 2025/11/12 23:58:08 [36m[INFO][0m GUI.gui.go:440 -   - Word pairs: 10
2025/11/12 23:58:08 logger.go:146: 2025/11/12 23:58:08 [36m[INFO][0m GUI.gui.go:441 -   - Test results: 1
2025/11/12 23:58:08 logger.go:146: 2025/11/12 23:58:08 [90m[DEBUG][0m GUI.gui.go:445 - Sample word pairs:
2025/11/12 23:58:08 logger.go:146: 2025/11/12 23:58:08 [90m[DEBUG][0m GUI.gui.go:452 -   - [Hello] → [Hola]
2025/11/12 23:58:08 logger.go:146: 2025/11/12 23:58:08 [90m[DEBUG][0m GUI.gui.go:452 -   - [Goodbye] → [Adiós]
2025/11/12 23:58:08 logger.go:146: 2025/11/12 23:58:08 [90m[DEBUG][0m GUI.gui.go:452 -   - [Thank you] → [Gracias]
2025/11/12 23:58:08 logger.go:146: 2025/11/12 23:58:08 [90m[DEBUG][0m GUI.gui.go:455 -   - ... and 7 more
2025/11/12 23:58:08 logger.go:146: 2025/11/12 23:58:08 [35m[ACTION][0m GUI.gui.go:465 - displayLessonInTab() - creating lesson tab for: /home/joop/openteacher/test_lesson.ot
2025/11/12 23:58:08 logger.go:146: 2025/11/12 23:58:08 [32m[SUCCESS][0m GUI.gui.go:489 - Replaced central widget with tab widget
2025/11/12 23:58:08 logger.go:146: 2025/11/12 23:58:08 [32m[SUCCESS][0m GUI.gui.go:509 - Lesson tab created: Spanish Basic Vocabulary (10 words)
2025/11/12 23:58:08 logger.go:146: 2025/11/12 23:58:08 [90m[DEBUG][0m GUI.gui.go:373 - TRACKING: loadSelectedFile() completed - call stack marker D
2025/11/12 23:58:10 logger.go:146: 2025/11/12 23:58:10 [34m[EVENT][0m GUI.gui.go:204 - Exit menu action triggered
2025/11/12 23:58:10 logger.go:146: 2025/11/12 23:58:10 [32m[SUCCESS][0m GUI.gui.go:161 - RunEventLoop() - Qt event loop finished with code 0
Qt event loop finished with exit code: 0
Disabling modules...
SaverModule disabled
SettingsDialogModule disabled
StartwidgetModule disabled
TranslatorModule disabled
FileDialogModule disabled
httpRequest error: ["",1043933488,"widgets.QMainWindow","Close"] -> Post "http://127.0.0.1:8000/syncCallIntoLocal": dial tcp 127.0.0.1:8000: connect: connection refused
Warning: Error closing main window: interface conversion: interface {} is nil, not bool
LessonDialogsModule disabled
AboutDialogModule disabled
RecentlyOpenedModule disabled
ProfileDescriptionModule disabled
AmericanNoteCalculatorModule disabled
ProfileDescriptionModule disabled
ModulesModule disabled
AnkiLoaderModule disabled
SettingsWidgetModule disabled
HardWordsModule disabled
ProfileDescriptionModule disabled
LanguageCodeGuesserModule disabled
MapModule disabled
GenerateBusinessCard profile description disabled
InMindTeachTypeModule disabled
BackpackLoaderModule disabled
ProfileDescriptionModule disabled
ProfileDescriptionModule disabled
FriendlyTranslationNamesModule disabled
ProfileDescriptionModule disabled
OcrGuiModule disabled
SettingsWidgetModule disabled
ProfileDescriptionModule disabled
ProfileDescriptionModule disabled
MediaTestTypeModule disabled
JvltLoaderModule disabled
TesseractOCRModule disabled
DutchNoteCalculatorModule disabled
LoaderModule disabled
ProfileDescriptionModule disabled
CueCardLoaderModule disabled
LessonTrackerModule disabled
CsvLoaderModule disabled
RecentlyOpenedViewerModule disabled
TopoTestTypeModule disabled
ProfileDescriptionModule disabled
GermanNoteCalculatorModule disabled
RepeatAnswerTeachTypeModule disabled
SortModule disabled
ThemeModule disabled
OpenTeacherLoaderModule disabled
PercentsCalculatorModule disabled
OpenTeacherAuthorsModule disabled
VTrainTxtLoaderModule disabled
NoteCalculatorChooserModule disabled
ProfileDescriptionModule disabled
Anki2LoaderModule disabled
RandomModule disabled
ProfileDescriptionModule disabled
DataTypeIconsModule disabled
JSMapModule disabled
AuthorsModule disabled
ProfileDescriptionModule disabled
TestModeTeacherPanelModule disabled
MediaTypeModule disabled
SylkSaverModule disabled
AbbyyLoaderModule disabled
SettingsWidgetModule disabled
LaTeXSaverModule disabled
MediaTypeModule disabled
ProfileDescriptionModule disabled
JSLibModule disabled
ShuffleAnswerTeachTypeModule disabled
MediaTypeModule disabled
ProfileDescriptionModule disabled
VocaLoaderModule disabled
PngSaverModule disabled
HangmanGraphics disabled
MapModule disabled
SettingsWidgetModule disabled
VocabulariumLoaderModule disabled
OtxxSaverModule disabled
JavascriptLessonTypeModule disabled
LoaderGuiModule disabled
WebLogicGeneratorModule disabled
PyinstallerInterfaceModule disabled
PercentsNoteCalculatorModule disabled
CyrillicModule disabled
ProfileDescriptionModule disabled
ProfileDescriptionModule disabled
SettingsWidgetModule disabled
PdfSaverModule disabled
OpenTeachingTopoLoaderModule disabled
MapModule disabled
JSInputTypingLogicModule disabled
TeachmasterLoaderModule disabled
JMemorizeLessonLoaderModule disabled
MediaTypeModule disabled
SettingsWidgetsModule disabled
PercentsCalculatorModule disabled
KvtmlLoaderModule disabled
MapModule disabled
ProfileDescriptionModule disabled
WordsTestTypeModule disabled
LibreofficeFormatsSaverModule disabled
MapModule disabled
SettingsWidgetModule disabled
ReverseModule disabled
UserDocumentationModule disabled
MediaTypeModule disabled
OdtSaverModule disabled
TypingTutorKeyboardModule disabled
TestMenuModule disabled
GreekModule disabled
FrenchNoteCalculatorModule disabled
ProgressViewerModule disabled
GranuleLoaderModule disabled
SymbolsModule disabled
OverhoringsprogrammaTalenLoaderModule disabled
WordsHtmlGeneratorModule disabled
ProfileDescriptionModule disabled
ButtonRegisterModule disabled
JSSumModule disabled
MediaDisplayModule disabled
Teach2000LoaderModule disabled
InputTypingLogicModule disabled
AnkiApkgLoaderModule disabled
PrinterModule disabled
MediaTypeModule disabled
CuneiformOCRModule disabled
DomingoLoaderModule disabled
MimicryTypefaceConverterModule disabled
PercentNotesViewerModule disabled
ProfileDescriptionModule disabled
TestModeStudentsViewModule disabled
MetadataModule disabled
SettingsWidgetModule disabled
PaukerLoaderModule disabled
SettingsWidgetModule disabled
VokabelTrainerLoaderModule disabled
ProfileDescriptionModule disabled
MediaTypeModule disabled
SettingsWidgetModule disabled
LudemLoaderModule disabled
MediaTypeModule disabled
ProfileDescriptionModule disabled
OpenTeachingWordsLoaderModule disabled
SettingsWidgetModule disabled
ProfileDescriptionModule disabled
TypingTeachTypeModule disabled
ProfileDescriptionModule disabled
OdtSaverModule disabled
OpenTeachingMediaLoaderModule disabled
FmdLoaderModule disabled
TypingTutorModelModule disabled
OverhoorLoaderModule disabled
ProfileDescriptionModule disabled
WordsNeverAnsweredCorrectlyModule disabled
ProfileDescriptionModule disabled
HtmlSaverModule disabled
MediaTypeModule disabled
ProfileDescriptionModule disabled
AllOnceModule disabled
JSBisectModule disabled
FlashQardLoaderModule disabled
MapModule disabled
GnuVocabTrainLoaderModule disabled
SafeHtmlCheckerModule disabled
2025/11/12 23:58:10 hangman.go:64: [STUB] Hangman TypingTeachTypeModule disabled - cleanup not implemented
TypingTeachTypeModule disabled
ProfileDescriptionModule disabled
HtmlSaverModule disabled
OcrWordListLoaderModule disabled
HtmlSaverModule disabled
ECTSNoteCalculatorModule disabled
OtxxLoaderModule disabled
ForeignKnownModule disabled
MnemosyneLoaderModule disabled
SmartModule disabled
ProfileDescriptionModule disabled
TopoMapsModule disabled
ProfileDescriptionModule disabled
JSLibModule disabled
WrtsLoaderModule disabled
KGeographyMapLoaderModule disabled
JSEvaluatorModule disabled
2025/11/12 23:58:10 execute.go:53: [SUCCESS] ExecuteModule disabled - application lifecycle handling stopped
Settings module disabled
Button register module disabled - all buttons cleared
Event module disabled - all events cleared
httpRequest error: ["",1042518976,"widgets.QApplication","Quit"] -> Post "http://127.0.0.1:8000/syncCallIntoLocal": dial tcp 127.0.0.1:8000: connect: connection refused
QtAppModule disabled
OpenTeacher shutdown complete
